<?xml version="1.0" encoding="UTF-8"?>
<!-- Generated by org.testng.reporters.JUnitXMLReporter -->
<testsuite hostname="Torenzo" name="Regression suite for order creation and payment =1" tests="79" failures="16" timestamp="5 Dec 2019 05:55:03 GMT" time="3000.588" errors="0">
  <testcase name="VerifyDemoUrlAndCancelClick" time="29.638" classname="com.torenzo.qa.pomtest.LoginPageTest"/>
  <testcase name="loginVerifyTestInvalidData1" time="8.765" classname="com.torenzo.qa.pomtest.LoginPageTest"/>
  <testcase name="loginVerifyTestInvalidData2" time="7.596" classname="com.torenzo.qa.pomtest.LoginPageTest"/>
  <testcase name="loginVerifyTestInvalidData3" time="5.465" classname="com.torenzo.qa.pomtest.LoginPageTest"/>
  <testcase name="loginVerifyTestInvalidData4" time="6.521" classname="com.torenzo.qa.pomtest.LoginPageTest"/>
  <testcase name="loginVerifyTest" time="10.394" classname="com.torenzo.qa.pomtest.LoginPageTest"/>
  <testcase name="cancelVerifyTest" time="5.272" classname="com.torenzo.qa.pomtest.LoginPageTest"/>
  <testcase name="verfiyHomePageTest" time="68.348" classname="com.torenzo.qa.pomtest.HomePageTest"/>
  <testcase name="verfiyHomePageTest" time="35.752" classname="com.torenzo.qa.pomtest.OrderPageTest"/>
  <testcase name="addItemToOrder" time="90.95" classname="com.torenzo.qa.pomtest.OrderPageTest"/>
  <testcase name="deleteItemFromOrderTest" time="27.44" classname="com.torenzo.qa.pomtest.OrderPageTest"/>
  <testcase name="reorderItemFromOrderTest" time="82.427" classname="com.torenzo.qa.pomtest.OrderPageTest"/>
  <testcase name="quantityItemFromOrderTest1" time="16.971" classname="com.torenzo.qa.pomtest.OrderPageTest">
    <failure type="java.lang.AssertionError" message="Order total value is not increased after adding quantity to order expected [120.0] but found [90.0]">
      <![CDATA[java.lang.AssertionError: Order total value is not increased after adding quantity to order expected [120.0] but found [90.0]
	at com.torenzo.qa.pomtest.OrderPageTest.quantityItemFromOrderTest1(OrderPageTest.java:153)
... Removed 27 stack frames]]>
    </failure>
  </testcase> <!-- quantityItemFromOrderTest1 -->
  <testcase name="quantityItemFromOrderTest2" time="22.05" classname="com.torenzo.qa.pomtest.OrderPageTest"/>
  <testcase name="customModifierAddWindowTest1" time="92.539" classname="com.torenzo.qa.pomtest.OrderPageTest"/>
  <testcase name="custommodifierDelAndEditWindowTest2" time="71.608" classname="com.torenzo.qa.pomtest.OrderPageTest">
    <failure type="java.lang.IndexOutOfBoundsException" message="Index: 1, Size: 1">
      <![CDATA[java.lang.IndexOutOfBoundsException: Index: 1, Size: 1
	at java.util.ArrayList.rangeCheck(Unknown Source)
	at java.util.ArrayList.get(Unknown Source)
	at io.appium.java_client.pagefactory.ElementListInterceptor.getObject(ElementListInterceptor.java:40)
	at io.appium.java_client.pagefactory.interceptors.InterceptorOfAListOfElements.intercept(InterceptorOfAListOfElements.java:49)
	at $java.util.ArrayList$$EnhancerByCGLIB$$b5855c01.get(<generated>)
	at com.torenzo.qa.pages.OrderPage.clickOnOrderedItem(OrderPage.java:245)
	at com.torenzo.qa.pomtest.OrderPageTest.custommodifierDelAndEditWindowTest2(OrderPageTest.java:232)
... Removed 27 stack frames]]>
    </failure>
  </testcase> <!-- custommodifierDelAndEditWindowTest2 -->
  <testcase name="defaultmodifierDelAndEditWindowTest3" time="60.499" classname="com.torenzo.qa.pomtest.OrderPageTest">
    <failure type="java.lang.IndexOutOfBoundsException" message="Index: 1, Size: 0">
      <![CDATA[java.lang.IndexOutOfBoundsException: Index: 1, Size: 0
	at java.util.ArrayList.rangeCheck(Unknown Source)
	at java.util.ArrayList.get(Unknown Source)
	at io.appium.java_client.pagefactory.ElementListInterceptor.getObject(ElementListInterceptor.java:40)
	at io.appium.java_client.pagefactory.interceptors.InterceptorOfAListOfElements.intercept(InterceptorOfAListOfElements.java:49)
	at $java.util.ArrayList$$EnhancerByCGLIB$$b5855c01.get(<generated>)
	at com.torenzo.qa.pages.OrderPage.orderedCustomModifierPrice(OrderPage.java:178)
	at com.torenzo.qa.pomtest.OrderPageTest.defaultmodifierDelAndEditWindowTest3(OrderPageTest.java:269)
... Removed 27 stack frames]]>
    </failure>
  </testcase> <!-- defaultmodifierDelAndEditWindowTest3 -->
  <testcase name="orderDiscount" time="87.402" classname="com.torenzo.qa.pomtest.OrderPageTest">
    <failure type="java.lang.IllegalArgumentException" message="Cannot format given Object as a Number">
      <![CDATA[java.lang.IllegalArgumentException: Cannot format given Object as a Number
	at java.text.DecimalFormat.format(Unknown Source)
	at java.text.Format.format(Unknown Source)
	at com.torenzo.qa.util.TestUtil.decimalFormate(TestUtil.java:56)
	at com.torenzo.qa.pomtest.OrderPageTest.orderDiscount(OrderPageTest.java:339)
... Removed 24 stack frames]]>
    </failure>
  </testcase> <!-- orderDiscount -->
  <testcase name="orderDiscountExtraAmountTest" time="60.423" classname="com.torenzo.qa.pomtest.OrderPageTest">
    <failure type="org.openqa.selenium.NoSuchElementException" message="Can&amp;apos;t locate an element by this strategy: By.chained({By.id: com.torenzo.torenzocafe:id/order_total_upside})">
      <![CDATA[org.openqa.selenium.NoSuchElementException: Can't locate an element by this strategy: By.chained({By.id: com.torenzo.torenzocafe:id/order_total_upside})
	at io.appium.java_client.pagefactory.AppiumElementLocator.findElement(AppiumElementLocator.java:126)
	at io.appium.java_client.pagefactory.interceptors.InterceptorOfASingleElement.intercept(InterceptorOfASingleElement.java:59)
	at io.appium.java_client.android.AndroidElement$$EnhancerByCGLIB$$b598166c.getText(<generated>)
	at com.torenzo.qa.pages.HomePage.getTextFromOrderTotal(HomePage.java:97)
	at com.torenzo.qa.pomtest.OrderPageTest.orderDiscountExtraAmountTest(OrderPageTest.java:395)
Caused by: org.openqa.selenium.TimeoutException: Expected condition failed: waiting for io.appium.java_client.pagefactory.AppiumElementLocator$WaitingFunction@22791b75 (tried for 1 second(s) with 500 milliseconds interval)
	at org.openqa.selenium.support.ui.FluentWait.timeoutException(FluentWait.java:304)
	at org.openqa.selenium.support.ui.FluentWait.until(FluentWait.java:272)
	at io.appium.java_client.pagefactory.AppiumElementLocator.waitFor(AppiumElementLocator.java:99)
	at io.appium.java_client.pagefactory.AppiumElementLocator.findElement(AppiumElementLocator.java:119)
	... 28 more
Caused by: org.openqa.selenium.NoSuchElementException: Cannot locate an element using By.chained({By.id: com.torenzo.torenzocafe:id/order_total_upside})
For documentation on this error, please visit: https://www.seleniumhq.org/exceptions/no_such_element.html
Build info: version: '3.141.59', revision: 'e82be7d358', time: '2018-11-14T08:17:03'
System info: host: 'TORENZO', ip: '192.168.188.1', os.name: 'Windows 8.1', os.arch: 'amd64', os.version: '6.3', java.version: '1.8.0_151'
Driver info: driver.version: AndroidDriver
	at io.appium.java_client.pagefactory.bys.builder.ByChained.findElement(ByChained.java:74)
	at org.openqa.selenium.remote.RemoteWebDriver.findElement(RemoteWebDriver.java:315)
	at io.appium.java_client.DefaultGenericMobileDriver.findElement(DefaultGenericMobileDriver.java:58)
	at io.appium.java_client.AppiumDriver.findElement(AppiumDriver.java:1)
	at io.appium.java_client.android.AndroidDriver.findElement(AndroidDriver.java:1)
	at io.appium.java_client.pagefactory.bys.ContentMappedBy.findElement(ContentMappedBy.java:50)
	at org.openqa.selenium.remote.RemoteWebDriver.findElement(RemoteWebDriver.java:315)
	at io.appium.java_client.DefaultGenericMobileDriver.findElement(DefaultGenericMobileDriver.java:58)
	at io.appium.java_client.AppiumDriver.findElement(AppiumDriver.java:1)
	at io.appium.java_client.android.AndroidDriver.findElement(AndroidDriver.java:1)
	at io.appium.java_client.pagefactory.AppiumElementLocator.lambda$0(AppiumElementLocator.java:120)
	at io.appium.java_client.pagefactory.AppiumElementLocator$WaitingFunction.apply(AppiumElementLocator.java:172)
	at io.appium.java_client.pagefactory.AppiumElementLocator$WaitingFunction.apply(AppiumElementLocator.java:1)
	at org.openqa.selenium.support.ui.FluentWait.until(FluentWait.java:249)
	... 30 more
... Removed 24 stack frames]]>
    </failure>
  </testcase> <!-- orderDiscountExtraAmountTest -->
  <testcase name="orderDiscountPercentTest" time="60.34" classname="com.torenzo.qa.pomtest.OrderPageTest">
    <failure type="org.openqa.selenium.NoSuchElementException" message="Can&amp;apos;t locate an element by this strategy: By.chained({By.id: com.torenzo.torenzocafe:id/grid_outline})">
      <![CDATA[org.openqa.selenium.NoSuchElementException: Can't locate an element by this strategy: By.chained({By.id: com.torenzo.torenzocafe:id/grid_outline})
	at io.appium.java_client.pagefactory.AppiumElementLocator.findElement(AppiumElementLocator.java:126)
	at io.appium.java_client.pagefactory.interceptors.InterceptorOfASingleElement.intercept(InterceptorOfASingleElement.java:59)
	at io.appium.java_client.android.AndroidElement$$EnhancerByCGLIB$$b598166c.click(<generated>)
	at com.torenzo.qa.pomtest.OrderPageTest.orderDiscountPercentTest(OrderPageTest.java:425)
Caused by: org.openqa.selenium.TimeoutException: Expected condition failed: waiting for io.appium.java_client.pagefactory.AppiumElementLocator$WaitingFunction@723e2d08 (tried for 1 second(s) with 500 milliseconds interval)
	at org.openqa.selenium.support.ui.FluentWait.timeoutException(FluentWait.java:304)
	at org.openqa.selenium.support.ui.FluentWait.until(FluentWait.java:272)
	at io.appium.java_client.pagefactory.AppiumElementLocator.waitFor(AppiumElementLocator.java:99)
	at io.appium.java_client.pagefactory.AppiumElementLocator.findElement(AppiumElementLocator.java:119)
	... 27 more
Caused by: org.openqa.selenium.NoSuchElementException: Cannot locate an element using By.chained({By.id: com.torenzo.torenzocafe:id/grid_outline})
For documentation on this error, please visit: https://www.seleniumhq.org/exceptions/no_such_element.html
Build info: version: '3.141.59', revision: 'e82be7d358', time: '2018-11-14T08:17:03'
System info: host: 'TORENZO', ip: '192.168.188.1', os.name: 'Windows 8.1', os.arch: 'amd64', os.version: '6.3', java.version: '1.8.0_151'
Driver info: driver.version: AndroidDriver
	at io.appium.java_client.pagefactory.bys.builder.ByChained.findElement(ByChained.java:74)
	at org.openqa.selenium.remote.RemoteWebDriver.findElement(RemoteWebDriver.java:315)
	at io.appium.java_client.DefaultGenericMobileDriver.findElement(DefaultGenericMobileDriver.java:58)
	at io.appium.java_client.AppiumDriver.findElement(AppiumDriver.java:1)
	at io.appium.java_client.android.AndroidDriver.findElement(AndroidDriver.java:1)
	at io.appium.java_client.pagefactory.bys.ContentMappedBy.findElement(ContentMappedBy.java:50)
	at org.openqa.selenium.remote.RemoteWebDriver.findElement(RemoteWebDriver.java:315)
	at io.appium.java_client.DefaultGenericMobileDriver.findElement(DefaultGenericMobileDriver.java:58)
	at io.appium.java_client.AppiumDriver.findElement(AppiumDriver.java:1)
	at io.appium.java_client.android.AndroidDriver.findElement(AndroidDriver.java:1)
	at io.appium.java_client.pagefactory.AppiumElementLocator.lambda$0(AppiumElementLocator.java:120)
	at io.appium.java_client.pagefactory.AppiumElementLocator$WaitingFunction.apply(AppiumElementLocator.java:172)
	at io.appium.java_client.pagefactory.AppiumElementLocator$WaitingFunction.apply(AppiumElementLocator.java:1)
	at org.openqa.selenium.support.ui.FluentWait.until(FluentWait.java:249)
	... 29 more
... Removed 24 stack frames]]>
    </failure>
  </testcase> <!-- orderDiscountPercentTest -->
  <testcase name="verfiyHomePageTest" time="38.275" classname="com.torenzo.qa.pomtest.PaymentPageTest"/>
  <testcase name="paymentPageTest" time="90.314" classname="com.torenzo.qa.pomtest.PaymentPageTest"/>
  <testcase name="verifyPaymentTest" time="20.331" classname="com.torenzo.qa.pomtest.PaymentPageTest"/>
  <testcase name="paymentPageTest1" time="99.797" classname="com.torenzo.qa.pomtest.PaymentPageTest"/>
  <testcase name="verifyDiscountTest1" time="18.748" classname="com.torenzo.qa.pomtest.PaymentPageTest"/>
  <testcase name="verifyDiscountTest2" time="13.135" classname="com.torenzo.qa.pomtest.PaymentPageTest"/>
  <testcase name="verifyDiscountTest3" time="19.445" classname="com.torenzo.qa.pomtest.PaymentPageTest"/>
  <testcase name="verfiyHomePageTest" time="36.373" classname="com.torenzo.qa.pomtest.PaymentPageNegativeTest"/>
  <testcase name="paymentPageTest" time="88.554" classname="com.torenzo.qa.pomtest.PaymentPageNegativeTest"/>
  <testcase name="verifyCancelTest" time="33.701" classname="com.torenzo.qa.pomtest.PaymentPageNegativeTest"/>
  <testcase name="LoginIntoAppTest" time="35.556" classname="com.torenzo.qa.pomtest.LogoutPageTest"/>
  <testcase name="LogoutVerifyTest" time="43.24" classname="com.torenzo.qa.pomtest.LogoutPageTest"/>
  <testcase name="LoginVerifyTest" time="33.336" classname="com.torenzo.qa.pomtest.LogoutPageTest"/>
  <testcase name="verfiyHomePageTest" time="36.939" classname="com.torenzo.qa.pomtest.GuestPageTest"/>
  <testcase name="addGuestToOrder" time="37.567" classname="com.torenzo.qa.pomtest.GuestPageTest"/>
  <testcase name="addOneGuestTest" time="21.743" classname="com.torenzo.qa.pomtest.GuestPageTest"/>
  <testcase name="addNightinGuestTest" time="22.445" classname="com.torenzo.qa.pomtest.GuestPageTest"/>
  <testcase name="cancelGuestWindowTest" time="15.008" classname="com.torenzo.qa.pomtest.GuestPageTest"/>
  <testcase name="zeroGuestWindowTest" time="6.291" classname="com.torenzo.qa.pomtest.GuestPageTest"/>
  <testcase name="addMoreGuestTest" time="6.885" classname="com.torenzo.qa.pomtest.GuestPageTest"/>
  <testcase name="deleteGuestWindowTest" time="4.939" classname="com.torenzo.qa.pomtest.GuestPageTest"/>
  <testcase name="deleteGuestFromOrderByLongPressTest" time="32.528" classname="com.torenzo.qa.pomtest.GuestPageTest"/>
  <testcase name="deleteGuestFromOrderTest" time="6.104" classname="com.torenzo.qa.pomtest.GuestPageTest"/>
  <testcase name="verfiyHomePageTest" time="35.75" classname="com.torenzo.qa.pomtest.EditOrderPageTest"/>
  <testcase name="paymentPageTest" time="98.849" classname="com.torenzo.qa.pomtest.EditOrderPageTest"/>
  <testcase name="editPageTest" time="32.382" classname="com.torenzo.qa.pomtest.EditOrderPageTest"/>
  <testcase name="editPageTestNegative" time="21.638" classname="com.torenzo.qa.pomtest.EditOrderPageTest"/>
  <testcase name="verfiyHomePageTest" time="34.655" classname="com.torenzo.qa.pomtest.NCKOTOrderPageTest"/>
  <testcase name="paymentPageTest" time="99.839" classname="com.torenzo.qa.pomtest.NCKOTOrderPageTest"/>
  <testcase name="editPageTest" time="32.298" classname="com.torenzo.qa.pomtest.NCKOTOrderPageTest"/>
  <testcase name="editPageTestNegative" time="21.718" classname="com.torenzo.qa.pomtest.NCKOTOrderPageTest"/>
  <testcase name="verfiyHomePageTest" time="35.574" classname="com.torenzo.qa.pomtest.SuspendedOrderListTest"/>
  <testcase name="OrderListPageTest" time="90.09" classname="com.torenzo.qa.pomtest.SuspendedOrderListTest"/>
  <testcase name="SearchBoxInSuspendedListTest" time="9.498" classname="com.torenzo.qa.pomtest.SuspendedOrderListTest">
    <failure type="java.lang.IllegalStateException" message="Cannot get a text value from a numeric cell">
      <![CDATA[java.lang.IllegalStateException: Cannot get a text value from a numeric cell
	at org.apache.poi.xssf.usermodel.XSSFCell.typeMismatch(XSSFCell.java:845)
	at org.apache.poi.xssf.usermodel.XSSFCell.getRichStringCellValue(XSSFCell.java:294)
	at org.apache.poi.xssf.usermodel.XSSFCell.getStringCellValue(XSSFCell.java:246)
	at com.torenzo.qa.util.TestUtil.readDataFromExcellString(TestUtil.java:82)
	at com.torenzo.qa.pomtest.SuspendedOrderListTest.SearchBoxInSuspendedListTest(SuspendedOrderListTest.java:97)
... Removed 24 stack frames]]>
    </failure>
  </testcase> <!-- SearchBoxInSuspendedListTest -->
  <testcase name="orderListSortByCostTest" time="8.228" classname="com.torenzo.qa.pomtest.SuspendedOrderListTest"/>
  <testcase name="orderListSortByOrderNoTest" time="3.965" classname="com.torenzo.qa.pomtest.SuspendedOrderListTest"/>
  <testcase name="VerifyOrderInOrderListTest" time="21.074" classname="com.torenzo.qa.pomtest.SuspendedOrderListTest"/>
  <testcase name="getItemDetails" time="3.967" classname="com.torenzo.qa.pomtest.SuspendedOrderListTest"/>
  <testcase name="verifyitemDatawithDB" time="0.318" classname="com.torenzo.qa.pomtest.SuspendedOrderListTest"/>
  <testcase name="verifyitemDataFromReceiptwithDB" time="0.263" classname="com.torenzo.qa.pomtest.SuspendedOrderListTest"/>
  <testcase name="verfiyHomePageTest" time="32.731" classname="com.torenzo.qa.pomtest.ReloadPageTest"/>
  <testcase name="reloadItemsTest" time="48.932" classname="com.torenzo.qa.pomtest.ReloadPageTest"/>
  <testcase name="itemImagesTest" time="26.071" classname="com.torenzo.qa.pomtest.ReloadPageTest"/>
  <testcase name="realodTableTest" time="28.091" classname="com.torenzo.qa.pomtest.ReloadPageTest"/>
  <testcase name="LoginIntoAppTest" time="34.868" classname="com.torenzo.qa.pomtest.ResetPinPageTest"/>
  <testcase name="verifyResetPinWindowtest" time="22.599" classname="com.torenzo.qa.pomtest.ResetPinPageTest"/>
  <testcase name="VerifyResetPinWithInvalidNumberTest" time="0.001" classname="com.torenzo.qa.pomtest.ResetPinPageTest">
    <failure type="java.lang.IllegalStateException" message="Cannot get a text value from a numeric cell">
      <![CDATA[java.lang.IllegalStateException: Cannot get a text value from a numeric cell
	at org.apache.poi.xssf.usermodel.XSSFCell.typeMismatch(XSSFCell.java:845)
	at org.apache.poi.xssf.usermodel.XSSFCell.getRichStringCellValue(XSSFCell.java:294)
	at org.apache.poi.xssf.usermodel.XSSFCell.getStringCellValue(XSSFCell.java:246)
	at com.torenzo.qa.util.TestUtil.readDataFromExcellString(TestUtil.java:82)
	at com.torenzo.qa.pomtest.ResetPinPageTest.VerifyResetPinWithInvalidNumberTest(ResetPinPageTest.java:86)
... Removed 24 stack frames]]>
    </failure>
  </testcase> <!-- VerifyResetPinWithInvalidNumberTest -->
  <testcase name="verifyResetPinWithValidpinTest" time="0.001" classname="com.torenzo.qa.pomtest.ResetPinPageTest">
    <failure type="java.lang.IllegalStateException" message="Cannot get a text value from a numeric cell">
      <![CDATA[java.lang.IllegalStateException: Cannot get a text value from a numeric cell
	at org.apache.poi.xssf.usermodel.XSSFCell.typeMismatch(XSSFCell.java:845)
	at org.apache.poi.xssf.usermodel.XSSFCell.getRichStringCellValue(XSSFCell.java:294)
	at org.apache.poi.xssf.usermodel.XSSFCell.getStringCellValue(XSSFCell.java:246)
	at com.torenzo.qa.util.TestUtil.readDataFromExcellString(TestUtil.java:82)
	at com.torenzo.qa.pomtest.ResetPinPageTest.verifyResetPinWithValidpinTest(ResetPinPageTest.java:113)
... Removed 24 stack frames]]>
    </failure>
  </testcase> <!-- verifyResetPinWithValidpinTest -->
  <testcase name="verifyClickOnBack" time="30.638" classname="com.torenzo.qa.pomtest.ResetPinPageTest">
    <failure type="org.openqa.selenium.NoSuchElementException" message="Can&amp;apos;t locate an element by this strategy: By.chained({By.xpath: //android.widget.TextView[@text=&amp;apos;User Details&amp;apos;]})">
      <![CDATA[org.openqa.selenium.NoSuchElementException: Can't locate an element by this strategy: By.chained({By.xpath: //android.widget.TextView[@text='User Details']})
	at io.appium.java_client.pagefactory.AppiumElementLocator.findElement(AppiumElementLocator.java:126)
	at io.appium.java_client.pagefactory.interceptors.InterceptorOfASingleElement.intercept(InterceptorOfASingleElement.java:59)
	at io.appium.java_client.android.AndroidElement$$EnhancerByCGLIB$$b598166c.getText(<generated>)
	at com.torenzo.qa.pages.ResetPinPage.getUserDetailsTitle(ResetPinPage.java:84)
	at com.torenzo.qa.pomtest.ResetPinPageTest.verifyClickOnBack(ResetPinPageTest.java:135)
Caused by: org.openqa.selenium.TimeoutException: Expected condition failed: waiting for io.appium.java_client.pagefactory.AppiumElementLocator$WaitingFunction@46219104 (tried for 1 second(s) with 500 milliseconds interval)
	at org.openqa.selenium.support.ui.FluentWait.timeoutException(FluentWait.java:304)
	at org.openqa.selenium.support.ui.FluentWait.until(FluentWait.java:272)
	at io.appium.java_client.pagefactory.AppiumElementLocator.waitFor(AppiumElementLocator.java:99)
	at io.appium.java_client.pagefactory.AppiumElementLocator.findElement(AppiumElementLocator.java:119)
	... 28 more
Caused by: org.openqa.selenium.NoSuchElementException: Cannot locate an element using By.chained({By.xpath: //android.widget.TextView[@text='User Details']})
For documentation on this error, please visit: https://www.seleniumhq.org/exceptions/no_such_element.html
Build info: version: '3.141.59', revision: 'e82be7d358', time: '2018-11-14T08:17:03'
System info: host: 'TORENZO', ip: '192.168.188.1', os.name: 'Windows 8.1', os.arch: 'amd64', os.version: '6.3', java.version: '1.8.0_151'
Driver info: driver.version: AndroidDriver
	at io.appium.java_client.pagefactory.bys.builder.ByChained.findElement(ByChained.java:74)
	at org.openqa.selenium.remote.RemoteWebDriver.findElement(RemoteWebDriver.java:315)
	at io.appium.java_client.DefaultGenericMobileDriver.findElement(DefaultGenericMobileDriver.java:58)
	at io.appium.java_client.AppiumDriver.findElement(AppiumDriver.java:1)
	at io.appium.java_client.android.AndroidDriver.findElement(AndroidDriver.java:1)
	at io.appium.java_client.pagefactory.bys.ContentMappedBy.findElement(ContentMappedBy.java:50)
	at org.openqa.selenium.remote.RemoteWebDriver.findElement(RemoteWebDriver.java:315)
	at io.appium.java_client.DefaultGenericMobileDriver.findElement(DefaultGenericMobileDriver.java:58)
	at io.appium.java_client.AppiumDriver.findElement(AppiumDriver.java:1)
	at io.appium.java_client.android.AndroidDriver.findElement(AndroidDriver.java:1)
	at io.appium.java_client.pagefactory.AppiumElementLocator.lambda$0(AppiumElementLocator.java:120)
	at io.appium.java_client.pagefactory.AppiumElementLocator$WaitingFunction.apply(AppiumElementLocator.java:172)
	at io.appium.java_client.pagefactory.AppiumElementLocator$WaitingFunction.apply(AppiumElementLocator.java:1)
	at org.openqa.selenium.support.ui.FluentWait.until(FluentWait.java:249)
	... 30 more
... Removed 24 stack frames]]>
    </failure>
  </testcase> <!-- verifyClickOnBack -->
  <testcase name="verifyLockScreenWithNewPin" time="30.371" classname="com.torenzo.qa.pomtest.ResetPinPageTest">
    <failure type="org.openqa.selenium.NoSuchElementException" message="Can&amp;apos;t locate an element by this strategy: By.chained({By.id: com.torenzo.torenzocafe:id/lock})">
      <![CDATA[org.openqa.selenium.NoSuchElementException: Can't locate an element by this strategy: By.chained({By.id: com.torenzo.torenzocafe:id/lock})
	at io.appium.java_client.pagefactory.AppiumElementLocator.findElement(AppiumElementLocator.java:126)
	at io.appium.java_client.pagefactory.interceptors.InterceptorOfASingleElement.intercept(InterceptorOfASingleElement.java:59)
	at io.appium.java_client.android.AndroidElement$$EnhancerByCGLIB$$b598166c.click(<generated>)
	at com.torenzo.qa.pomtest.ResetPinPageTest.verifyLockScreenWithNewPin(ResetPinPageTest.java:140)
Caused by: org.openqa.selenium.TimeoutException: Expected condition failed: waiting for io.appium.java_client.pagefactory.AppiumElementLocator$WaitingFunction@62a5e4c7 (tried for 1 second(s) with 500 milliseconds interval)
	at org.openqa.selenium.support.ui.FluentWait.timeoutException(FluentWait.java:304)
	at org.openqa.selenium.support.ui.FluentWait.until(FluentWait.java:272)
	at io.appium.java_client.pagefactory.AppiumElementLocator.waitFor(AppiumElementLocator.java:99)
	at io.appium.java_client.pagefactory.AppiumElementLocator.findElement(AppiumElementLocator.java:119)
	... 27 more
Caused by: org.openqa.selenium.NoSuchElementException: Cannot locate an element using By.chained({By.id: com.torenzo.torenzocafe:id/lock})
For documentation on this error, please visit: https://www.seleniumhq.org/exceptions/no_such_element.html
Build info: version: '3.141.59', revision: 'e82be7d358', time: '2018-11-14T08:17:03'
System info: host: 'TORENZO', ip: '192.168.188.1', os.name: 'Windows 8.1', os.arch: 'amd64', os.version: '6.3', java.version: '1.8.0_151'
Driver info: driver.version: AndroidDriver
	at io.appium.java_client.pagefactory.bys.builder.ByChained.findElement(ByChained.java:74)
	at org.openqa.selenium.remote.RemoteWebDriver.findElement(RemoteWebDriver.java:315)
	at io.appium.java_client.DefaultGenericMobileDriver.findElement(DefaultGenericMobileDriver.java:58)
	at io.appium.java_client.AppiumDriver.findElement(AppiumDriver.java:1)
	at io.appium.java_client.android.AndroidDriver.findElement(AndroidDriver.java:1)
	at io.appium.java_client.pagefactory.bys.ContentMappedBy.findElement(ContentMappedBy.java:50)
	at org.openqa.selenium.remote.RemoteWebDriver.findElement(RemoteWebDriver.java:315)
	at io.appium.java_client.DefaultGenericMobileDriver.findElement(DefaultGenericMobileDriver.java:58)
	at io.appium.java_client.AppiumDriver.findElement(AppiumDriver.java:1)
	at io.appium.java_client.android.AndroidDriver.findElement(AndroidDriver.java:1)
	at io.appium.java_client.pagefactory.AppiumElementLocator.lambda$0(AppiumElementLocator.java:120)
	at io.appium.java_client.pagefactory.AppiumElementLocator$WaitingFunction.apply(AppiumElementLocator.java:172)
	at io.appium.java_client.pagefactory.AppiumElementLocator$WaitingFunction.apply(AppiumElementLocator.java:1)
	at org.openqa.selenium.support.ui.FluentWait.until(FluentWait.java:249)
	... 29 more
... Removed 24 stack frames]]>
    </failure>
  </testcase> <!-- verifyLockScreenWithNewPin -->
  <testcase name="LoginIntoAppTest" time="38.357" classname="com.torenzo.qa.pomtest.ResetPwdPageTest"/>
  <testcase name="verifyResetPsdWindow" time="21.612" classname="com.torenzo.qa.pomtest.ResetPwdPageTest"/>
  <testcase name="ResetPwdWithInvalidPwd" time="0.001" classname="com.torenzo.qa.pomtest.ResetPwdPageTest">
    <failure type="java.lang.IllegalStateException" message="Cannot get a text value from a numeric cell">
      <![CDATA[java.lang.IllegalStateException: Cannot get a text value from a numeric cell
	at org.apache.poi.xssf.usermodel.XSSFCell.typeMismatch(XSSFCell.java:845)
	at org.apache.poi.xssf.usermodel.XSSFCell.getRichStringCellValue(XSSFCell.java:294)
	at org.apache.poi.xssf.usermodel.XSSFCell.getStringCellValue(XSSFCell.java:246)
	at com.torenzo.qa.util.TestUtil.readDataFromExcellString(TestUtil.java:82)
	at com.torenzo.qa.pomtest.ResetPwdPageTest.ResetPwdWithInvalidPwd(ResetPwdPageTest.java:75)
... Removed 24 stack frames]]>
    </failure>
  </testcase> <!-- ResetPwdWithInvalidPwd -->
  <testcase name="ResetPwdWithValidPwd" time="0.046" classname="com.torenzo.qa.pomtest.ResetPwdPageTest">
    <failure type="java.lang.IllegalStateException" message="Cannot get a text value from a numeric cell">
      <![CDATA[java.lang.IllegalStateException: Cannot get a text value from a numeric cell
	at org.apache.poi.xssf.usermodel.XSSFCell.typeMismatch(XSSFCell.java:845)
	at org.apache.poi.xssf.usermodel.XSSFCell.getRichStringCellValue(XSSFCell.java:294)
	at org.apache.poi.xssf.usermodel.XSSFCell.getStringCellValue(XSSFCell.java:246)
	at com.torenzo.qa.util.TestUtil.readDataFromExcellString(TestUtil.java:82)
	at com.torenzo.qa.pomtest.ResetPwdPageTest.ResetPwdWithValidPwd(ResetPwdPageTest.java:101)
... Removed 24 stack frames]]>
    </failure>
  </testcase> <!-- ResetPwdWithValidPwd -->
  <testcase name="ResetPwdAndLogin" time="9.785" classname="com.torenzo.qa.pomtest.ResetPwdPageTest">
    <failure type="java.lang.AssertionError" message="It is not navigated on Home page after clicking on back button expected [Your Password was successfully changed.] but found [Order]">
      <![CDATA[java.lang.AssertionError: It is not navigated on Home page after clicking on back button expected [Your Password was successfully changed.] but found [Order]
	at com.torenzo.qa.pomtest.ResetPwdPageTest.ResetPwdAndLogin(ResetPwdPageTest.java:127)
... Removed 28 stack frames]]>
    </failure>
  </testcase> <!-- ResetPwdAndLogin -->
  <testcase name="verfiyHomePageTest" time="35.447" classname="com.torenzo.qa.pomtest.TableStructurePageTest"/>
  <testcase name="verfiyTableIconTest" time="45.948" classname="com.torenzo.qa.pomtest.TableStructurePageTest"/>
  <testcase name="searchFormEmptyTableTest1" time="31.468" classname="com.torenzo.qa.pomtest.TableStructurePageTest">
    <failure type="org.openqa.selenium.NoSuchElementException" message="Can&amp;apos;t locate an element by this strategy: By.chained({By.xpath: //android.widget.TextView[@text=&amp;apos;Order&amp;apos;]})">
      <![CDATA[org.openqa.selenium.NoSuchElementException: Can't locate an element by this strategy: By.chained({By.xpath: //android.widget.TextView[@text='Order']})
	at io.appium.java_client.pagefactory.AppiumElementLocator.findElement(AppiumElementLocator.java:126)
	at io.appium.java_client.pagefactory.interceptors.InterceptorOfASingleElement.intercept(InterceptorOfASingleElement.java:59)
	at io.appium.java_client.android.AndroidElement$$EnhancerByCGLIB$$b598166c.getText(<generated>)
	at com.torenzo.qa.pages.HomePage.titleOfhomePage(HomePage.java:80)
	at com.torenzo.qa.pomtest.TableStructurePageTest.searchFormEmptyTableTest1(TableStructurePageTest.java:97)
Caused by: org.openqa.selenium.TimeoutException: Expected condition failed: waiting for io.appium.java_client.pagefactory.AppiumElementLocator$WaitingFunction@72a4f3f (tried for 1 second(s) with 500 milliseconds interval)
	at org.openqa.selenium.support.ui.FluentWait.timeoutException(FluentWait.java:304)
	at org.openqa.selenium.support.ui.FluentWait.until(FluentWait.java:272)
	at io.appium.java_client.pagefactory.AppiumElementLocator.waitFor(AppiumElementLocator.java:99)
	at io.appium.java_client.pagefactory.AppiumElementLocator.findElement(AppiumElementLocator.java:119)
	... 28 more
Caused by: org.openqa.selenium.NoSuchElementException: Cannot locate an element using By.chained({By.xpath: //android.widget.TextView[@text='Order']})
For documentation on this error, please visit: https://www.seleniumhq.org/exceptions/no_such_element.html
Build info: version: '3.141.59', revision: 'e82be7d358', time: '2018-11-14T08:17:03'
System info: host: 'TORENZO', ip: '192.168.188.1', os.name: 'Windows 8.1', os.arch: 'amd64', os.version: '6.3', java.version: '1.8.0_151'
Driver info: driver.version: AndroidDriver
	at io.appium.java_client.pagefactory.bys.builder.ByChained.findElement(ByChained.java:74)
	at org.openqa.selenium.remote.RemoteWebDriver.findElement(RemoteWebDriver.java:315)
	at io.appium.java_client.DefaultGenericMobileDriver.findElement(DefaultGenericMobileDriver.java:58)
	at io.appium.java_client.AppiumDriver.findElement(AppiumDriver.java:1)
	at io.appium.java_client.android.AndroidDriver.findElement(AndroidDriver.java:1)
	at io.appium.java_client.pagefactory.bys.ContentMappedBy.findElement(ContentMappedBy.java:50)
	at org.openqa.selenium.remote.RemoteWebDriver.findElement(RemoteWebDriver.java:315)
	at io.appium.java_client.DefaultGenericMobileDriver.findElement(DefaultGenericMobileDriver.java:58)
	at io.appium.java_client.AppiumDriver.findElement(AppiumDriver.java:1)
	at io.appium.java_client.android.AndroidDriver.findElement(AndroidDriver.java:1)
	at io.appium.java_client.pagefactory.AppiumElementLocator.lambda$0(AppiumElementLocator.java:120)
	at io.appium.java_client.pagefactory.AppiumElementLocator$WaitingFunction.apply(AppiumElementLocator.java:172)
	at io.appium.java_client.pagefactory.AppiumElementLocator$WaitingFunction.apply(AppiumElementLocator.java:1)
	at org.openqa.selenium.support.ui.FluentWait.until(FluentWait.java:249)
	... 30 more
... Removed 24 stack frames]]>
    </failure>
  </testcase> <!-- searchFormEmptyTableTest1 -->
  <testcase name="searchFormEmptyTableNegativeTest" time="10.353" classname="com.torenzo.qa.pomtest.TableStructurePageTest">
    <failure type="org.openqa.selenium.NoSuchElementException" message="Can&amp;apos;t locate an element by this strategy: By.chained({By.id: com.torenzo.torenzocafe:id/table_structure_img})">
      <![CDATA[org.openqa.selenium.NoSuchElementException: Can't locate an element by this strategy: By.chained({By.id: com.torenzo.torenzocafe:id/table_structure_img})
	at io.appium.java_client.pagefactory.AppiumElementLocator.findElement(AppiumElementLocator.java:126)
	at io.appium.java_client.pagefactory.interceptors.InterceptorOfASingleElement.intercept(InterceptorOfASingleElement.java:59)
	at io.appium.java_client.android.AndroidElement$$EnhancerByCGLIB$$b598166c.click(<generated>)
	at com.torenzo.qa.pages.HomePage.clickOnTableStructureButton(HomePage.java:117)
	at com.torenzo.qa.pomtest.TableStructurePageTest.searchFormEmptyTableNegativeTest(TableStructurePageTest.java:108)
Caused by: org.openqa.selenium.TimeoutException: Expected condition failed: waiting for io.appium.java_client.pagefactory.AppiumElementLocator$WaitingFunction@1c298769 (tried for 1 second(s) with 500 milliseconds interval)
	at org.openqa.selenium.support.ui.FluentWait.timeoutException(FluentWait.java:304)
	at org.openqa.selenium.support.ui.FluentWait.until(FluentWait.java:272)
	at io.appium.java_client.pagefactory.AppiumElementLocator.waitFor(AppiumElementLocator.java:99)
	at io.appium.java_client.pagefactory.AppiumElementLocator.findElement(AppiumElementLocator.java:119)
	... 28 more
Caused by: org.openqa.selenium.NoSuchElementException: Cannot locate an element using By.chained({By.id: com.torenzo.torenzocafe:id/table_structure_img})
For documentation on this error, please visit: https://www.seleniumhq.org/exceptions/no_such_element.html
Build info: version: '3.141.59', revision: 'e82be7d358', time: '2018-11-14T08:17:03'
System info: host: 'TORENZO', ip: '192.168.188.1', os.name: 'Windows 8.1', os.arch: 'amd64', os.version: '6.3', java.version: '1.8.0_151'
Driver info: driver.version: AndroidDriver
	at io.appium.java_client.pagefactory.bys.builder.ByChained.findElement(ByChained.java:74)
	at org.openqa.selenium.remote.RemoteWebDriver.findElement(RemoteWebDriver.java:315)
	at io.appium.java_client.DefaultGenericMobileDriver.findElement(DefaultGenericMobileDriver.java:58)
	at io.appium.java_client.AppiumDriver.findElement(AppiumDriver.java:1)
	at io.appium.java_client.android.AndroidDriver.findElement(AndroidDriver.java:1)
	at io.appium.java_client.pagefactory.bys.ContentMappedBy.findElement(ContentMappedBy.java:50)
	at org.openqa.selenium.remote.RemoteWebDriver.findElement(RemoteWebDriver.java:315)
	at io.appium.java_client.DefaultGenericMobileDriver.findElement(DefaultGenericMobileDriver.java:58)
	at io.appium.java_client.AppiumDriver.findElement(AppiumDriver.java:1)
	at io.appium.java_client.android.AndroidDriver.findElement(AndroidDriver.java:1)
	at io.appium.java_client.pagefactory.AppiumElementLocator.lambda$0(AppiumElementLocator.java:120)
	at io.appium.java_client.pagefactory.AppiumElementLocator$WaitingFunction.apply(AppiumElementLocator.java:172)
	at io.appium.java_client.pagefactory.AppiumElementLocator$WaitingFunction.apply(AppiumElementLocator.java:1)
	at org.openqa.selenium.support.ui.FluentWait.until(FluentWait.java:249)
	... 30 more
... Removed 24 stack frames]]>
    </failure>
  </testcase> <!-- searchFormEmptyTableNegativeTest -->
</testsuite> <!-- Regression suite for order creation and payment =1 -->
