<?xml version="1.0" encoding="UTF-8"?>
<!-- Generated by org.testng.reporters.JUnitXMLReporter -->
<testsuite hostname="RahulKardels-Mac-mini-2.local" ignored="0" name="Appiumstart" tests="3" failures="2" timestamp="09 Oct 2018 12:30:33 GMT" time="0.436" errors="0">
  <testcase name="loginApp" time="0.012" classname="com.torenzo.qa.testcases.LoginPageTest">
    <failure type="java.lang.NullPointerException">
      <![CDATA[java.lang.NullPointerException
at com.torenzo.qa.testcases.LoginPageTest.loginApp(LoginPageTest.java:103)
... Removed 25 stack frames]]>
    </failure>
  </testcase> <!-- loginApp -->
  <testcase name="clickOnCreateOrder" time="0.364" classname="com.torenzo.qa.testcases.HomePageTest">
    <failure type="java.lang.NullPointerException">
      <![CDATA[java.lang.NullPointerException
at io.appium.java_client.pagefactory.AppiumElementLocator.changeImplicitlyWaitTimeOut(AppiumElementLocator.java:81)
at io.appium.java_client.pagefactory.AppiumElementLocator.waitFor(AppiumElementLocator.java:99)
at io.appium.java_client.pagefactory.AppiumElementLocator.findElement(AppiumElementLocator.java:112)
at io.appium.java_client.pagefactory.interceptors.InterceptorOfASingleElement.intercept(InterceptorOfASingleElement.java:61)
at org.openqa.selenium.remote.RemoteWebElement$$EnhancerByCGLIB$$dd998978.click(<generated>)
at com.torenzo.qa.pages.HomePage.clickNewOrderCreateBtn(HomePage.java:102)
at com.torenzo.qa.testcases.HomePageTest.clickOnCreateOrder(HomePageTest.java:95)
... Removed 25 stack frames]]>
    </failure>
  </testcase> <!-- clickOnCreateOrder -->
  <testcase name="selectTransactionOption" time="0.025" classname="com.torenzo.qa.testcases.TransactionOrderPageTest"/>
</testsuite> <!-- Appiumstart -->
