<?xml version="1.0" encoding="UTF-8"?>
<!-- Generated by org.testng.reporters.JUnitReportReporter -->
<testsuite hostname="Torenzo" name="com.torenzo.qa.pomtest.SuspendedOrderListTest" tests="9" failures="1" timestamp="5 Dec 2019 05:55:07 GMT" time="172.977" errors="0">
  <testcase name="VerifyOrderInOrderListTest" time="21.074" classname="com.torenzo.qa.pomtest.SuspendedOrderListTest"/>
  <testcase name="SearchBoxInSuspendedListTest" time="9.498" classname="com.torenzo.qa.pomtest.SuspendedOrderListTest">
    <failure type="java.lang.IllegalStateException" message="Cannot get a text value from a numeric cell">
      <![CDATA[java.lang.IllegalStateException: Cannot get a text value from a numeric cell
	at org.apache.poi.xssf.usermodel.XSSFCell.typeMismatch(XSSFCell.java:845)
	at org.apache.poi.xssf.usermodel.XSSFCell.getRichStringCellValue(XSSFCell.java:294)
	at org.apache.poi.xssf.usermodel.XSSFCell.getStringCellValue(XSSFCell.java:246)
	at com.torenzo.qa.util.TestUtil.readDataFromExcellString(TestUtil.java:82)
	at com.torenzo.qa.pomtest.SuspendedOrderListTest.SearchBoxInSuspendedListTest(SuspendedOrderListTest.java:97)
	at sun.reflect.NativeMethodAccessorImpl.invoke0(Native Method)
	at sun.reflect.NativeMethodAccessorImpl.invoke(Unknown Source)
	at sun.reflect.DelegatingMethodAccessorImpl.invoke(Unknown Source)
	at java.lang.reflect.Method.invoke(Unknown Source)
	at org.testng.internal.MethodInvocationHelper.invokeMethod(MethodInvocationHelper.java:84)
	at org.testng.internal.Invoker.invokeMethod(Invoker.java:714)
	at org.testng.internal.Invoker.invokeTestMethod(Invoker.java:901)
	at org.testng.internal.Invoker.invokeTestMethods(Invoker.java:1231)
	at org.testng.internal.TestMethodWorker.invokeTestMethods(TestMethodWorker.java:127)
	at org.testng.internal.TestMethodWorker.run(TestMethodWorker.java:111)
	at org.testng.TestRunner.privateRun(TestRunner.java:767)
	at org.testng.TestRunner.run(TestRunner.java:617)
	at org.testng.SuiteRunner.runTest(SuiteRunner.java:348)
	at org.testng.SuiteRunner.runSequentially(SuiteRunner.java:343)
	at org.testng.SuiteRunner.privateRun(SuiteRunner.java:305)
	at org.testng.SuiteRunner.run(SuiteRunner.java:254)
	at org.testng.SuiteRunnerWorker.runSuite(SuiteRunnerWorker.java:52)
	at org.testng.SuiteRunnerWorker.run(SuiteRunnerWorker.java:86)
	at org.testng.TestNG.runSuitesSequentially(TestNG.java:1224)
	at org.testng.TestNG.runSuitesLocally(TestNG.java:1149)
	at org.testng.TestNG.run(TestNG.java:1057)
	at org.testng.remote.AbstractRemoteTestNG.run(AbstractRemoteTestNG.java:114)
	at org.testng.remote.RemoteTestNG.initAndRun(RemoteTestNG.java:251)
	at org.testng.remote.RemoteTestNG.main(RemoteTestNG.java:77)
]]>
    </failure>
  </testcase> <!-- SearchBoxInSuspendedListTest -->
  <testcase name="orderListSortByOrderNoTest" time="3.965" classname="com.torenzo.qa.pomtest.SuspendedOrderListTest"/>
  <testcase name="orderListSortByCostTest" time="8.228" classname="com.torenzo.qa.pomtest.SuspendedOrderListTest"/>
  <testcase name="verifyitemDatawithDB" time="0.318" classname="com.torenzo.qa.pomtest.SuspendedOrderListTest"/>
  <testcase name="verifyitemDataFromReceiptwithDB" time="0.263" classname="com.torenzo.qa.pomtest.SuspendedOrderListTest"/>
  <testcase name="verfiyHomePageTest" time="35.574" classname="com.torenzo.qa.pomtest.SuspendedOrderListTest"/>
  <testcase name="getItemDetails" time="3.967" classname="com.torenzo.qa.pomtest.SuspendedOrderListTest"/>
  <testcase name="OrderListPageTest" time="90.090" classname="com.torenzo.qa.pomtest.SuspendedOrderListTest"/>
</testsuite> <!-- com.torenzo.qa.pomtest.SuspendedOrderListTest -->
